Crystalstructure: fcc
lower: -600 upper: 600
Epsilon: 0.000001
outfile: Cu_Ag.fcc
Atomnr. starting value: 2000000
mass (rescaled): 0.006587
a: 4.090000
x -> [ -2.000000 1.000000 1.000000 ]
y -> [ 1.000000 1.000000 1.000000 ]
z -> [ 0.000000 1.000000 -1.000000 ]
box_x: 991.900000 box_y: 280.000000 box_z: 28.000000
cut_norm1: -nan -nan -nan
distance cutplane - 0: -nan  side to cut away: 0.000000
cut_norm2 -nan -nan -nan
distance cutplane - 0: -nan  side to cut away: 0.000000
axis1: 1.000000 0.000000 0.000000
axis2: 1.000000 0.000000 0.000000
angle1: 0.000000
angle2: 0.000000
Header write flag: 1
boxX: 992.043346 0.000000 0.000000
boxY: 0.000000 280.592231 0.000000
boxZ: 0.000000 0.000000 28.637825
y -> [ 0.577350 0.577350 0.577350 ], |y|= 1.000000
Rotation matrix 1:
 -0.816497 0.408248 0.408248
 0.577350 0.577350 0.577350
 0.000000 0.707107 -0.707107

Rotation matrix 2:
 1.000000 0.000000 0.000000
 0.000000 1.000000 0.000000
 0.000000 0.000000 1.000000

unit vectors after 2. Rotation:
 -0.83486778 2.36136268 1.44603342
 1.66973557 2.36136268 0.00000000
 -0.83486778 2.36136268 -1.44603342

Rotation matrix :
 -0.816496580928 0.577350269190 0.000000000000
 0.408248290464 0.577350269190 0.707106781187
 0.408248290464 0.577350269190 -0.707106781187

Min. Super Cell dim: 5.0092067021360682 7.0840880548910325 2.8920668379047361
Max. Super Cell dim: 991.8229270229414851 276.2794341407502543 26.0286015411426241
Next atom nr.: 2471640


----------------------------------------------
-----------------------------------------------


Number of particles: 471640


